iMPACT Version: Apr 30 2004 20:03:51

iMPACT log file Started on Fri Apr 24 12:35:42 2009

Loading cdf file //phypcs/ellicad/wv/d785/ddu5in/in5ctrl/in5ctrl.cdf...
// *** BATCH CMD : setPreference -pref UserLevel:Novice
// *** BATCH CMD : setMode -pff
// *** BATCH CMD : addConfigDevice -size 0 -name "xc18v04" -path"\\phypcs\ellicad\wv\d785\ddu5in\in5ctrl/"
// *** BATCH CMD : setAttribute -configdevice -attr size -value "0"
// *** BATCH CMD : setAttribute -configdevice -attr reseveSize -value "0"
// *** BATCH CMD : setSubmode -pffserial
// *** BATCH CMD : setAttribute -configdevice -attr activeCollection -value"in5ctrl"
// *** BATCH CMD : addCollection -name "in5ctrl"
// *** BATCH CMD : addDesign -version 0 -name "0"
// *** BATCH CMD : addDeviceChain -index 0
// *** BATCH CMD : addDevice -position 1 -file"M:\WV\D785\DDU5in\In5Ctrl\0ddu_in.bit"
'1': Loading file 'M:\WV\D785\DDU5in\In5Ctrl\0ddu_in.bit' ...
INFO:iMPACT - Elapsed time =      3 sec.
done.
INFO:iMPACT:501 - '1': Added Device xc2vp20 successfully.
----------------------------------------------------------------------
----------------------------------------------------------------------
// *** BATCH CMD : 
// *** BATCH CMD : addPromDevice -position 1 -size 0 -name "xc18v04"
'1': Added Device xc18v04 successfully.
----------------------------------------------------------------------
// *** BATCH CMD : addPromDevice -position 2 -size 0 -name "xc18v04"
'2': Added Device xc18v04 successfully.
----------------------------------------------------------------------
// *** BATCH CMD : setAttribute -configdevice -attr fileFormat -value "mcs"
// *** BATCH CMD : setAttribute -configdevice -attr swapBit -value "FALSE"
// *** BATCH CMD : setAttribute -configdevice -attr fillValue -value "FF"
// *** BATCH CMD : setAttribute -collection -attr dir -value "UP"
// *** BATCH CMD : setMode -mpm
// *** BATCH CMD : setMode -cf
// *** BATCH CMD : setMode -dtconfig
// *** BATCH CMD : setMode -bsfile
// *** BATCH CMD : setMode -sm
// *** BATCH CMD : setMode -ss
// *** BATCH CMD : setMode -bs
// *** BATCH CMD : setCable -port lpt1
Connecting to cable (Parallel Port - LPT1).
Checking cable driver.
 Driver windrvr6.sys version = 6.0.3.0. LPT base address = 0378h.
 ECP base address = 0778h.
Cable connection failed.
// *** BATCH CMD : setMode -pff
Finish loading cdf file //phypcs/ellicad/wv/d785/ddu5in/in5ctrl/in5ctrl.cdf.
// *** BATCH CMD : generate
Swap bit can only be disabled in Hex file format only.
0xfab04 (1026820) bytes loaded up from 0x0
Using user-specified prom size of 1024K
Writing file "\\phypcs\ellicad\wv\d785\ddu5in\in5ctrl//in5ctrl_0.mcs".
Writing file "\\phypcs\ellicad\wv\d785\ddu5in\in5ctrl//in5ctrl_0.prm".
Writing file "\\phypcs\ellicad\wv\d785\ddu5in\in5ctrl//in5ctrl_0.sig".
Writing file "\\phypcs\ellicad\wv\d785\ddu5in\in5ctrl//in5ctrl_1.mcs".
Writing file "\\phypcs\ellicad\wv\d785\ddu5in\in5ctrl//in5ctrl_1.prm".
Writing file "\\phypcs\ellicad\wv\d785\ddu5in\in5ctrl//in5ctrl_1.sig".
----------------------------------------------------------------------
----------------------------------------------------------------------
