iMPACT Version: Jul 17 2007 01:28:48

iMPACT log file Started on Thu Jan 29 17:52:07 2009

Preference Table
Name                 Setting             
StartupClock         AUTO_CORRECTION     
AutoSignature        FALSE               
KeepSVF              FALSE               
ConcurrentMode       FALSE               
UseHighz             FALSE               
ConfigOnFailure      Stop                
UserLevel            NOVICE              
MessageLevel         Detailed            
svfUseTime           FALSE               
SpiByteSwap          AUTO_CORRECTION     
'1': Loading file 'C:/WV/D785/DDU5ctrl/DDU5ctrl/0dductrl.bit' ...
INFO:iMPACT - Elapsed time =      0 sec.
done.
INFO:iMPACT:501 - '1': Added Device xc2vp7 successfully.
----------------------------------------------------------------------
----------------------------------------------------------------------
'1': Added Device xc18v04 successfully.
----------------------------------------------------------------------
'2': Added Device xc18v04 successfully.
----------------------------------------------------------------------
Active mode is PFF
Swap bit can only be disabled in Hex file format only.
0x88e24 (560676) bytes loaded up from 0x0
Using user-specified prom size of 1024K
Writing file "C:\WV\D785\DDU5ctrl\DDU5ctrl\//ddu5ctrl_0.mcs".
Writing file "C:\WV\D785\DDU5ctrl\DDU5ctrl\//ddu5ctrl_0.prm".
Writing file "C:\WV\D785\DDU5ctrl\DDU5ctrl\//ddu5ctrl_0.sig".
Writing file "C:\WV\D785\DDU5ctrl\DDU5ctrl\//ddu5ctrl_1.mcs".
Writing file "C:\WV\D785\DDU5ctrl\DDU5ctrl\//ddu5ctrl_1.prm".
Writing file "C:\WV\D785\DDU5ctrl\DDU5ctrl\//ddu5ctrl_1.sig".
// *** BATCH CMD : loadProjectFile -file"C:/WV/D785/DDU5ctrl/DDU5ctrl/DDU5ctrl.ipf"
----------------------------------------------------------------------
----------------------------------------------------------------------
'1': Loading file 'C:/WV/D785/DDU5ctrl/DDU5ctrl/0dductrl.bit' ...
INFO:iMPACT - Elapsed time =      1 sec.
done.
INFO:iMPACT:501 - '1': Added Device xc2vp7 successfully.
----------------------------------------------------------------------
----------------------------------------------------------------------
'1': Added Device xc18v04 successfully.
----------------------------------------------------------------------
'2': Added Device xc18v04 successfully.
----------------------------------------------------------------------
Active mode is PFF
// *** BATCH CMD : setMode -bs
// *** BATCH CMD : setMode -ss
// *** BATCH CMD : setMode -sm
// *** BATCH CMD : setMode -hw140
// *** BATCH CMD : setMode -spi
// *** BATCH CMD : setMode -acecf
// *** BATCH CMD : setMode -acempm
// *** BATCH CMD : setMode -pff
// *** BATCH CMD : setMode -pff
------------------------  GUI: PFFView Wizard Data Report ------------------------
SubMode: PFF_SERIAL
MB Master Device: 
MB Mode: 
MB Chain: 
getMultiBootSelected(): FALSE
getSPISelected(): FALSE
------------------------  GUI: End PFFView Report  ------------------------
// *** BATCH CMD : setMode -pff
// *** BATCH CMD : setMode -pff
// *** BATCH CMD : setMode -pff
// *** BATCH CMD : setMode -pff
// *** BATCH CMD : setCurrentDesign -version 0
// *** BATCH CMD : setMode -pff
// *** BATCH CMD : setCurrentDeviceChain -index 0
// *** BATCH CMD : setCurrentDeviceChain -index 0
// *** BATCH CMD : setMode -bs
// *** BATCH CMD : setMode -bs
// *** BATCH CMD : setMode -pff
// *** BATCH CMD : setMode -pff
// *** BATCH CMD : setMode -bs
// *** BATCH CMD : setMode -bs
// *** BATCH CMD : setMode -pff
// *** BATCH CMD : setMode -pff
// *** BATCH CMD : setMode -bs
// *** BATCH CMD : setMode -bs
Selected part: xc18v04
INFO:iMPACT:1777 - 
   Reading C:/Xilinx92i/xc18v00/data/xc18v04.bsd...
INFO:iMPACT:501 - '1': Added Device xc18v04 successfully.
----------------------------------------------------------------------
----------------------------------------------------------------------
'1': Loading file 'C:/WV/D785/DDU5ctrl/DDU5ctrl/ddu5ctrl_1.mcs' ...
WARNING:iMPACT - The file 'C:/WV/D785/DDU5ctrl/DDU5ctrl/ddu5ctrl_1.mcs' does not   appear to be a configuration file. 
    This file will not configure a Xilinx device in Serial or SelectMap modes   and may not be intended for configuration. 
    If this is a cascaded PROM file,  you may ignore this warning and proceed. 
done.
// *** BATCH CMD : setAttribute -position 1 -attr packageName -value ""
// *** BATCH CMD : setMode -pff
// *** BATCH CMD : setMode -pff
// *** BATCH CMD : setMode -bs
// *** BATCH CMD : deleteDevice -position 1
// *** BATCH CMD : setMode -ss
// *** BATCH CMD : setMode -sm
// *** BATCH CMD : setMode -hw140
// *** BATCH CMD : setMode -spi
// *** BATCH CMD : setMode -acecf
// *** BATCH CMD : setMode -acempm
// *** BATCH CMD : setMode -pff
// *** BATCH CMD : deletePromDevice -position 2
----------------------------------------------------------------------
// *** BATCH CMD : deletePromDevice -position 1
// *** BATCH CMD : setCurrentDesign -version 0
// *** BATCH CMD : setCurrentDeviceChain -index 0
// *** BATCH CMD : deleteDevice -position 1
// *** BATCH CMD : setCurrentDeviceChain -index 0
// *** BATCH CMD : deleteDesign -version 0
// *** BATCH CMD : setCurrentDesign -version -1
// *** BATCH CMD : setMode -pff
// *** BATCH CMD : setMode -pff
// *** BATCH CMD : setMode -pff
// *** BATCH CMD : setMode -pff
// *** BATCH CMD : loadProjectFile -file"C:\WV\D785\DDU5ctrl\DDU5ctrl\DDU5ctrl_0.ipf"
INFO:iMPACT:1777 - 
   Reading C:/Xilinx92i/xc18v00/data/xc18v04.bsd...
INFO:iMPACT:501 - '1': Added Device xc18v04 successfully.
----------------------------------------------------------------------
----------------------------------------------------------------------
'1': Loading file 'C:/WV/D785/DDU5ctrl/DDU5ctrl/ddu5ctrl_0.mcs' ...
done.
'1': Loading file 'C:/WV/D785/DDU5ctrl/DDU5ctrl/0dductrl.bit' ...
INFO:iMPACT - Elapsed time =      0 sec.
done.
INFO:iMPACT:501 - '1': Added Device xc2vp7 successfully.
----------------------------------------------------------------------
----------------------------------------------------------------------
'1': Added Device xc18v04 successfully.
----------------------------------------------------------------------
'2': Added Device xc18v04 successfully.
----------------------------------------------------------------------
Active mode is BS
// *** BATCH CMD : setMode -ss
// *** BATCH CMD : setMode -sm
// *** BATCH CMD : setMode -hw140
// *** BATCH CMD : setMode -spi
// *** BATCH CMD : setMode -acecf
// *** BATCH CMD : setMode -acempm
// *** BATCH CMD : setMode -pff
// *** BATCH CMD : setMode -bs
// *** BATCH CMD : setMode -pff
------------------------  GUI: PFFView Wizard Data Report ------------------------
SubMode: PFF_SERIAL
MB Master Device: 
MB Mode: 
MB Chain: 
getMultiBootSelected(): FALSE
getSPISelected(): FALSE
------------------------  GUI: End PFFView Report  ------------------------
// *** BATCH CMD : setMode -pff
// *** BATCH CMD : setMode -bs
// *** BATCH CMD : setMode -pff
// *** BATCH CMD : setMode -pff
// *** BATCH CMD : setMode -bs
// *** BATCH CMD : setMode -bs
// *** BATCH CMD : setMode -pff
// *** BATCH CMD : setMode -pff
// *** BATCH CMD : setMode -pff
// *** BATCH CMD : setMode -pff
// *** BATCH CMD : setCurrentDesign -version 0
// *** BATCH CMD : setMode -pff
// *** BATCH CMD : setCurrentDeviceChain -index 0
// *** BATCH CMD : setCurrentDeviceChain -index 0
// *** BATCH CMD : setMode -bs
// *** BATCH CMD : setMode -bs
// *** BATCH CMD : setCable -port svf -file"C:/WV/D785/DDU5ctrl/DDU5ctrl/ddu5ctrlv45r3_ise92_0.svf"
// *** BATCH CMD : Program -p 1 -e -parallel -u c045db99 -defaultVersion 0 


PROGRESS_START - Starting Operation.
'1': Erasing device...
'1': Erasure completed successfully.
'1': Programming device...
done.
'1': Putting device in ISP mode...done.
'1': Setting usercode...done.
'1': Putting device in ISP mode...done.
'1': Putting device in ISP mode...done.
'1': Setting user-programmable bits...
'1': Setting parallel mode bit...done.
'1': Putting device in ISP mode...done.
'1': Programming completed successfully.
'1': Programming completed successfully.
PROGRESS_END - End Operation.
Elapsed time =      1 sec.
// *** BATCH CMD : setMode -pff
// *** BATCH CMD : setMode -pff
// *** BATCH CMD : setMode -bs
// *** BATCH CMD : deleteDevice -position 1
// *** BATCH CMD : setMode -ss
// *** BATCH CMD : setMode -sm
// *** BATCH CMD : setMode -hw140
// *** BATCH CMD : setMode -spi
// *** BATCH CMD : setMode -acecf
// *** BATCH CMD : setMode -acempm
// *** BATCH CMD : setMode -pff
// *** BATCH CMD : deletePromDevice -position 2
----------------------------------------------------------------------
// *** BATCH CMD : deletePromDevice -position 1
// *** BATCH CMD : setCurrentDesign -version 0
// *** BATCH CMD : setCurrentDeviceChain -index 0
// *** BATCH CMD : deleteDevice -position 1
// *** BATCH CMD : setCurrentDeviceChain -index 0
// *** BATCH CMD : deleteDesign -version 0
// *** BATCH CMD : setCurrentDesign -version -1
// *** BATCH CMD : setMode -pff
// *** BATCH CMD : setMode -pff
// *** BATCH CMD : setMode -pff
// *** BATCH CMD : setMode -pff
// *** BATCH CMD : loadProjectFile -file"C:\WV\D785\DDU5ctrl\DDU5ctrl\DDU5ctrl_1.ipf"
INFO:iMPACT:1777 - 
   Reading C:/Xilinx92i/xc18v00/data/xc18v04.bsd...
INFO:iMPACT:501 - '1': Added Device xc18v04 successfully.
----------------------------------------------------------------------
----------------------------------------------------------------------
'1': Loading file 'C:/WV/D785/DDU5ctrl/DDU5ctrl/ddu5ctrl_1.mcs' ...
WARNING:iMPACT - The file 'C:/WV/D785/DDU5ctrl/DDU5ctrl/ddu5ctrl_1.mcs' does not   appear to be a configuration file. 
    This file will not configure a Xilinx device in Serial or SelectMap modes   and may not be intended for configuration. 
    If this is a cascaded PROM file,  you may ignore this warning and proceed. 
done.
'1': Loading file 'C:/WV/D785/DDU5ctrl/DDU5ctrl/0dductrl.bit' ...
INFO:iMPACT - Elapsed time =      1 sec.
done.
INFO:iMPACT:501 - '1': Added Device xc2vp7 successfully.
----------------------------------------------------------------------
----------------------------------------------------------------------
'1': Added Device xc18v04 successfully.
----------------------------------------------------------------------
'2': Added Device xc18v04 successfully.
----------------------------------------------------------------------
Active mode is BS
// *** BATCH CMD : setMode -ss
// *** BATCH CMD : setMode -sm
// *** BATCH CMD : setMode -hw140
// *** BATCH CMD : setMode -spi
// *** BATCH CMD : setMode -acecf
// *** BATCH CMD : setMode -acempm
// *** BATCH CMD : setMode -pff
// *** BATCH CMD : setMode -bs
// *** BATCH CMD : setMode -pff
------------------------  GUI: PFFView Wizard Data Report ------------------------
SubMode: PFF_SERIAL
MB Master Device: 
MB Mode: 
MB Chain: 
getMultiBootSelected(): FALSE
getSPISelected(): FALSE
------------------------  GUI: End PFFView Report  ------------------------
// *** BATCH CMD : setMode -pff
// *** BATCH CMD : setMode -bs
// *** BATCH CMD : setMode -pff
// *** BATCH CMD : setMode -pff
// *** BATCH CMD : setMode -bs
// *** BATCH CMD : setMode -bs
// *** BATCH CMD : setMode -pff
// *** BATCH CMD : setMode -pff
// *** BATCH CMD : setMode -pff
// *** BATCH CMD : setMode -pff
// *** BATCH CMD : setCurrentDesign -version 0
// *** BATCH CMD : setMode -pff
// *** BATCH CMD : setCurrentDeviceChain -index 0
// *** BATCH CMD : setCurrentDeviceChain -index 0
// *** BATCH CMD : setMode -bs
// *** BATCH CMD : setMode -bs
// *** BATCH CMD : setCable -port svf -file"C:/WV/D785/DDU5ctrl/DDU5ctrl/ddu5ctrlv45r3_ise92_1.svf"
// *** BATCH CMD : Program -p 1 -e -parallel -u c145db99 -defaultVersion 0 


'1': Erasing device...
'1': Erasure completed successfully.
'1': Programming device...
done.
'1': Putting device in ISP mode...done.
'1': Setting usercode...done.
'1': Putting device in ISP mode...done.
'1': Putting device in ISP mode...done.
'1': Setting user-programmable bits...
'1': Setting parallel mode bit...done.
'1': Putting device in ISP mode...done.
'1': Programming completed successfully.
'1': Programming completed successfully.
PROGRESS_END - End Operation.
Elapsed time =      1 sec.
PROGRESS_START - Starting Operation.
// *** BATCH CMD : setMode -pff
// *** BATCH CMD : setMode -pff
// *** BATCH CMD : setMode -bs
// *** BATCH CMD : deleteDevice -position 1
// *** BATCH CMD : setMode -pff
// *** BATCH CMD : deletePromDevice -position 2
----------------------------------------------------------------------
// *** BATCH CMD : deletePromDevice -position 1
// *** BATCH CMD : setCurrentDesign -version 0
// *** BATCH CMD : setCurrentDeviceChain -index 0
// *** BATCH CMD : deleteDevice -position 1
// *** BATCH CMD : setCurrentDeviceChain -index 0
// *** BATCH CMD : deleteDesign -version 0
// *** BATCH CMD : setCurrentDesign -version -1
// *** BATCH CMD : setMode -bs
